09/09/2021 11:06:47 am	This log contains information about the import schema operation into project 'DapperDatabase' on computer 'DESKTOP-VF1LD3M' by user 'DCL'.
09/09/2021 11:06:48 am	Import of database schema has started.
09/09/2021 11:07:03 am	Gathering database options
09/09/2021 11:07:03 am	Gathering users
09/09/2021 11:07:03 am	Gathering roles
09/09/2021 11:07:03 am	Gathering application roles
09/09/2021 11:07:03 am	Gathering role memberships
09/09/2021 11:07:03 am	Gathering filegroups
09/09/2021 11:07:03 am	Gathering full-text catalogs
09/09/2021 11:07:03 am	Gathering assemblies
09/09/2021 11:07:03 am	Gathering certificates
09/09/2021 11:07:03 am	Gathering asymmetric keys
09/09/2021 11:07:03 am	Gathering symmetric keys
09/09/2021 11:07:03 am	Gathering encrypted symmetric keys
09/09/2021 11:07:03 am	Gathering schemas
09/09/2021 11:07:27 am	Gathering XML schema collections
09/09/2021 11:07:27 am	Gathering user-defined data types
09/09/2021 11:07:27 am	Gathering user-defined types
09/09/2021 11:07:27 am	Gathering table types
09/09/2021 11:07:27 am	Gathering unique keys for table types
09/09/2021 11:07:27 am	Gathering primary keys for table types
09/09/2021 11:07:27 am	Gathering indexes for table types
09/09/2021 11:07:27 am	Gathering check constraints for table types
09/09/2021 11:07:27 am	Gathering default constraints for table types
09/09/2021 11:07:27 am	Gathering partition functions
09/09/2021 11:07:27 am	Gathering partition schemes
09/09/2021 11:07:27 am	Gathering functions
09/09/2021 11:07:27 am	Gathering encrypted functions
09/09/2021 11:08:01 am	Gathering aggregates
09/09/2021 11:08:01 am	Gathering procedures
09/09/2021 11:08:01 am	Gathering encrypted procedures
09/09/2021 11:08:01 am	Gathering tables
09/09/2021 11:08:01 am	Gathering primary keys
09/09/2021 11:08:01 am	Gathering unique constraints
09/09/2021 11:08:01 am	Gathering foreign keys
09/09/2021 11:08:01 am	Gathering default constraints
09/09/2021 11:08:01 am	Gathering check constraints
09/09/2021 11:08:01 am	Gathering views
09/09/2021 11:08:01 am	Gathering encrypted views
09/09/2021 11:08:01 am	Gathering indexes
09/09/2021 11:08:01 am	Gathering statistics
09/09/2021 11:08:01 am	Gathering full-text index stoplists
09/09/2021 11:08:01 am	Gathering search property lists
09/09/2021 11:08:01 am	Gathering search properties
09/09/2021 11:08:01 am	Gathering full-text indexes
09/09/2021 11:08:01 am	Gathering column store indexes
09/09/2021 11:08:01 am	Gathering spatial indexes
09/09/2021 11:08:01 am	Gathering XML indexes
09/09/2021 11:08:01 am	Gathering Selective XML indexes
09/09/2021 11:08:01 am	Gathering encrypted triggers
09/09/2021 11:08:01 am	Gathering triggers
09/09/2021 11:08:01 am	Gathering encrypted and clr ddl triggers
09/09/2021 11:08:01 am	Gathering ddl triggers
09/09/2021 11:08:01 am	Gathering synonyms
09/09/2021 11:08:01 am	Gathering defaults
09/09/2021 11:08:01 am	Gathering data constraint uddt bindings
09/09/2021 11:08:01 am	Gathering rules
09/09/2021 11:08:01 am	Gathering data constraint uddt bindings
09/09/2021 11:08:01 am	Gathering message types
09/09/2021 11:08:01 am	Gathering queues
09/09/2021 11:08:01 am	Gathering contracts
09/09/2021 11:08:01 am	Gathering services
09/09/2021 11:08:01 am	Gathering event notifications
09/09/2021 11:08:01 am	Gathering remote service bindings
09/09/2021 11:08:01 am	Gathering broker priorities
09/09/2021 11:08:01 am	Gathering signatures
09/09/2021 11:08:01 am	Gathering data compression options
09/09/2021 11:08:01 am	Gathering sequence types
09/09/2021 11:08:01 am	Gathering extended properties
09/09/2021 11:08:01 am	Gathering credentials
09/09/2021 11:08:01 am	Gathering logins
09/09/2021 11:08:01 am	Gathering server audits
09/09/2021 11:08:02 am	Scanning project for duplicate elements
09/09/2021 11:08:02 am	Finished duplicate element processing
09/09/2021 11:08:03 am	Finished importing database.
09/09/2021 11:08:03 am	A summary of the import was saved to the following location: C:\Users\DCL\source\repos\CrudDapper\DapperDatabase\Import Schema Logs\DapperDatabase_20210909050647.log
09/09/2021 11:08:03 am	Click Finish to continue...
