09/09/2021 11:19:35 am	This log contains information about the import schema operation into project 'DapperDatabase' on computer 'DESKTOP-VF1LD3M' by user 'DCL'.
09/09/2021 11:19:36 am	Import of database schema has started.
09/09/2021 11:20:03 am	Gathering database options
09/09/2021 11:20:03 am	Gathering users
09/09/2021 11:20:03 am	Gathering roles
09/09/2021 11:20:03 am	Gathering application roles
09/09/2021 11:20:03 am	Gathering role memberships
09/09/2021 11:20:03 am	Gathering filegroups
09/09/2021 11:20:03 am	Gathering full-text catalogs
09/09/2021 11:20:03 am	Gathering assemblies
09/09/2021 11:20:03 am	Gathering certificates
09/09/2021 11:20:03 am	Gathering asymmetric keys
09/09/2021 11:20:03 am	Gathering symmetric keys
09/09/2021 11:20:03 am	Gathering encrypted symmetric keys
09/09/2021 11:20:03 am	Gathering schemas
09/09/2021 11:21:06 am	Gathering XML schema collections
09/09/2021 11:21:06 am	Gathering user-defined data types
09/09/2021 11:21:07 am	Gathering user-defined types
09/09/2021 11:21:07 am	Gathering table types
09/09/2021 11:21:07 am	Gathering unique keys for table types
09/09/2021 11:21:07 am	Gathering primary keys for table types
09/09/2021 11:21:08 am	Gathering indexes for table types
09/09/2021 11:21:08 am	Gathering check constraints for table types
09/09/2021 11:21:08 am	Gathering default constraints for table types
09/09/2021 11:21:08 am	Gathering partition functions
09/09/2021 11:21:08 am	Gathering partition schemes
09/09/2021 11:21:56 am	Gathering functions
09/09/2021 11:22:49 am	Gathering encrypted functions
09/09/2021 11:22:49 am	Gathering aggregates
09/09/2021 11:31:20 am	Gathering procedures
09/09/2021 11:31:21 am	Gathering encrypted procedures
09/09/2021 11:31:21 am	Gathering tables
09/09/2021 11:31:22 am	Gathering primary keys
09/09/2021 11:31:22 am	Gathering unique constraints
09/09/2021 11:31:23 am	Gathering foreign keys
09/09/2021 11:31:23 am	Gathering default constraints
09/09/2021 11:31:23 am	Gathering check constraints
09/09/2021 11:31:23 am	Gathering views
09/09/2021 11:31:23 am	Gathering encrypted views
09/09/2021 11:31:23 am	Gathering indexes
09/09/2021 11:31:23 am	Gathering statistics
09/09/2021 11:31:23 am	Gathering full-text index stoplists
09/09/2021 11:31:23 am	Gathering search property lists
09/09/2021 11:31:23 am	Gathering search properties
09/09/2021 11:31:24 am	Gathering full-text indexes
09/09/2021 11:31:24 am	Gathering column store indexes
09/09/2021 11:31:25 am	Gathering spatial indexes
09/09/2021 11:31:25 am	Gathering XML indexes
09/09/2021 11:31:25 am	Gathering Selective XML indexes
09/09/2021 11:31:26 am	Gathering encrypted triggers
09/09/2021 11:31:26 am	Gathering triggers
09/09/2021 11:31:26 am	Gathering encrypted and clr ddl triggers
09/09/2021 11:31:26 am	Gathering ddl triggers
09/09/2021 11:31:26 am	Gathering synonyms
09/09/2021 11:31:26 am	Gathering defaults
09/09/2021 11:31:26 am	Gathering data constraint uddt bindings
09/09/2021 11:31:26 am	Gathering rules
09/09/2021 11:31:26 am	Gathering data constraint uddt bindings
09/09/2021 11:31:26 am	Gathering message types
09/09/2021 11:31:26 am	Gathering queues
09/09/2021 11:31:26 am	Gathering contracts
09/09/2021 11:31:26 am	Gathering services
09/09/2021 11:31:27 am	Gathering event notifications
09/09/2021 11:31:27 am	Gathering remote service bindings
09/09/2021 11:31:27 am	Gathering broker priorities
09/09/2021 11:31:27 am	Gathering signatures
09/09/2021 11:31:27 am	Gathering data compression options
09/09/2021 11:31:27 am	Gathering sequence types
09/09/2021 11:31:27 am	Gathering extended properties
09/09/2021 11:31:31 am	Gathering credentials
09/09/2021 11:31:31 am	Gathering logins
09/09/2021 11:31:31 am	Gathering server audits
09/09/2021 11:31:34 am	Scanning project for duplicate elements
09/09/2021 11:31:36 am	Finished duplicate element processing
09/09/2021 11:31:37 am	Finished importing database.
09/09/2021 11:31:37 am	A summary of the import was saved to the following location: C:\Users\DCL\source\repos\CrudDapper\DapperDatabase\Import Schema Logs\DapperDatabase_20210909051935.log
09/09/2021 11:31:37 am	Click Finish to continue...
